2018-08-27 23:29:35.150 [main] DEBUG com.imooc.o2o.dao.ShopDao.insertShop-==>  Preparing: insert into tb_shop(owner_id,area_id,shop_category,shop_name,shop_desc,shop_addr, phone,shop_img,priority,create_time,last_edit_time,enable_status,advice) values (?,?,?,?,?,?, ?,?,?,?,?,?,?) 
2018-08-27 23:29:35.213 [main] DEBUG com.imooc.o2o.dao.ShopDao.insertShop-==> Parameters: 1(Long), 2(Integer), 1(Long), 测试的店铺(String), test(String), test(String), test(String), test(String), null, 2018-08-27 23:29:34.344(Timestamp), null, 1(Integer), 审核中(String)
2018-08-27 23:30:47.153 [main] DEBUG com.imooc.o2o.dao.ShopDao.insertShop-==>  Preparing: insert into tb_shop(owner_id,area_id,shop_category_id,shop_name,shop_desc,shop_addr, phone,shop_img,priority,create_time,last_edit_time,enable_status,advice) values (?,?,?,?,?,?, ?,?,?,?,?,?,?) 
2018-08-27 23:30:47.208 [main] DEBUG com.imooc.o2o.dao.ShopDao.insertShop-==> Parameters: 1(Long), 2(Integer), 1(Long), 测试的店铺(String), test(String), test(String), test(String), test(String), null, 2018-08-27 23:30:46.554(Timestamp), null, 1(Integer), 审核中(String)
2018-08-27 23:30:47.298 [main] DEBUG com.imooc.o2o.dao.ShopDao.insertShop-<==    Updates: 1
2018-08-27 23:48:37.958 [main] DEBUG com.imooc.o2o.dao.ShopDao.updateShop-==>  Preparing: update tb_shop SET shop_desc=?, shop_addr=?, last_edit_time=? where shop_id=? 
2018-08-27 23:48:38.16 [main] DEBUG com.imooc.o2o.dao.ShopDao.updateShop-==> Parameters: 测试描述(String), 测试地址(String), 2018-08-27 23:48:37.357(Timestamp), 1(Long)
2018-08-27 23:48:38.102 [main] DEBUG com.imooc.o2o.dao.ShopDao.updateShop-<==    Updates: 1
2018-08-28 23:37:20.70 [main] DEBUG com.imooc.o2o.dao.ShopDao.updateShop-==>  Preparing: update tb_shop SET shop_desc=?, shop_addr=?, last_edit_time=? where shop_id=? 
2018-08-28 23:37:20.139 [main] DEBUG com.imooc.o2o.dao.ShopDao.updateShop-==> Parameters: 测试描述(String), 测试地址(String), 2018-08-28 23:37:19.378(Timestamp), 1(Long)
2018-08-28 23:37:20.221 [main] DEBUG com.imooc.o2o.dao.ShopDao.updateShop-<==    Updates: 1
2018-08-28 23:38:21.909 [main] DEBUG com.imooc.o2o.dao.ShopDao.insertShop-==>  Preparing: insert into tb_shop(owner_id,area_id,shop_category_id,shop_name,shop_desc,shop_addr, phone,shop_img,priority,create_time,last_edit_time,enable_status,advice) values (?,?,?,?,?,?, ?,?,?,?,?,?,?) 
2018-08-28 23:38:21.956 [main] DEBUG com.imooc.o2o.dao.ShopDao.insertShop-==> Parameters: 1(Long), 2(Integer), 1(Long), 测试的店铺1(String), test1(String), test1(String), test1(String), null, null, 2018-08-28 23:38:21.873(Timestamp), 2018-08-28 23:38:21.873(Timestamp), 0(Integer), 审核中(String)
2018-08-28 23:38:21.997 [main] DEBUG com.imooc.o2o.dao.ShopDao.insertShop-<==    Updates: 1
2018-08-28 23:45:35.536 [main] DEBUG com.imooc.o2o.dao.ShopDao.insertShop-==>  Preparing: insert into tb_shop(owner_id,area_id,shop_category_id,shop_name,shop_desc,shop_addr, phone,shop_img,priority,create_time,last_edit_time,enable_status,advice) values (?,?,?,?,?,?, ?,?,?,?,?,?,?) 
2018-08-28 23:45:35.584 [main] DEBUG com.imooc.o2o.dao.ShopDao.insertShop-==> Parameters: 1(Long), 2(Integer), 1(Long), 测试的店铺1(String), test1(String), test1(String), test1(String), null, null, 2018-08-28 23:45:35.496(Timestamp), 2018-08-28 23:45:35.496(Timestamp), 0(Integer), 审核中(String)
2018-08-28 23:59:17.27 [main] DEBUG com.imooc.o2o.dao.ShopDao.insertShop-==>  Preparing: insert into tb_shop(owner_id,area_id,shop_category_id,shop_name,shop_desc,shop_addr, phone,shop_img,priority,create_time,last_edit_time,enable_status,advice) values (?,?,?,?,?,?, ?,?,?,?,?,?,?) 
2018-08-28 23:59:17.75 [main] DEBUG com.imooc.o2o.dao.ShopDao.insertShop-==> Parameters: 1(Long), 3(Integer), 1(Long), 测试的店铺1(String), test1(String), test1(String), test1(String), null, null, 2018-08-28 23:59:16.965(Timestamp), 2018-08-28 23:59:16.965(Timestamp), 0(Integer), 审核中(String)
2018-08-29 09:24:12.181 [main] DEBUG com.imooc.o2o.dao.ShopDao.insertShop-==>  Preparing: insert into tb_shop(owner_id,area_id,shop_category_id,shop_name,shop_desc,shop_addr, phone,shop_img,priority,create_time,last_edit_time,enable_status,advice) values (?,?,?,?,?,?, ?,?,?,?,?,?,?) 
2018-08-29 09:24:12.244 [main] DEBUG com.imooc.o2o.dao.ShopDao.insertShop-==> Parameters: 1(Long), 3(Integer), 1(Long), 测试的店铺1(String), test1(String), test1(String), test1(String), null, null, 2018-08-29 09:24:12.125(Timestamp), 2018-08-29 09:24:12.125(Timestamp), 0(Integer), 审核中(String)
2018-08-29 09:24:42.971 [main] DEBUG com.imooc.o2o.dao.ShopDao.insertShop-==>  Preparing: insert into tb_shop(owner_id,area_id,shop_category_id,shop_name,shop_desc,shop_addr, phone,shop_img,priority,create_time,last_edit_time,enable_status,advice) values (?,?,?,?,?,?, ?,?,?,?,?,?,?) 
2018-08-29 09:24:43.30 [main] DEBUG com.imooc.o2o.dao.ShopDao.insertShop-==> Parameters: 1(Long), 2(Integer), 1(Long), 测试的店铺1(String), test1(String), test1(String), test1(String), test1(String), null, 2018-08-29 09:24:42.493(Timestamp), null, 1(Integer), 审核中(String)
2018-08-29 09:28:59.868 [main] DEBUG com.imooc.o2o.dao.ShopDao.insertShop-==>  Preparing: insert into tb_shop(owner_id,area_id,shop_category_id,shop_name,shop_desc,shop_addr, phone,shop_img,priority,create_time,last_edit_time,enable_status,advice) values (?,?,?,?,?,?, ?,?,?,?,?,?,?) 
2018-08-29 09:28:59.930 [main] DEBUG com.imooc.o2o.dao.ShopDao.insertShop-==> Parameters: 1(Long), 1(Integer), 1(Long), 测试的店铺1(String), test1(String), test1(String), test1(String), test1(String), null, 2018-08-29 09:28:59.357(Timestamp), null, 1(Integer), 审核中(String)
2018-08-29 09:33:16.267 [main] DEBUG com.imooc.o2o.dao.ShopDao.insertShop-==>  Preparing: insert into tb_shop(owner_id,area_id,shop_category_id,shop_name,shop_desc,shop_addr, phone,shop_img,priority,create_time,last_edit_time,enable_status,advice) values (?,?,?,?,?,?, ?,?,?,?,?,?,?) 
2018-08-29 09:33:16.314 [main] DEBUG com.imooc.o2o.dao.ShopDao.insertShop-==> Parameters: 1(Long), 3(Integer), 1(Long), 测试的店铺1(String), test1(String), test1(String), test1(String), null, null, 2018-08-29 09:33:16.223(Timestamp), 2018-08-29 09:33:16.223(Timestamp), 0(Integer), 审核中(String)
2018-08-29 09:40:45.721 [main] DEBUG com.imooc.o2o.dao.ShopDao.insertShop-==>  Preparing: insert into tb_shop(owner_id,area_id,shop_category_id,shop_name,shop_desc,shop_addr, phone,shop_img,priority,create_time,last_edit_time,enable_status,advice) values (?,?,?,?,?,?, ?,?,?,?,?,?,?) 
2018-08-29 09:40:45.798 [main] DEBUG com.imooc.o2o.dao.ShopDao.insertShop-==> Parameters: 1(Long), 1(Integer), 1(Long), 测试的店铺1(String), test1(String), test1(String), test1(String), test1(String), null, 2018-08-29 09:40:45.25(Timestamp), null, 1(Integer), 审核中(String)
2018-08-29 09:49:55.998 [main] DEBUG com.imooc.o2o.dao.ShopDao.insertShop-==>  Preparing: insert into tb_shop(owner_id,area_id,shop_category_id,shop_name,shop_desc,shop_addr, phone,shop_img,priority,create_time,last_edit_time,enable_status,advice) values (?,?,?,?,?,?, ?,?,?,?,?,?,?) 
2018-08-29 09:49:56.68 [main] DEBUG com.imooc.o2o.dao.ShopDao.insertShop-==> Parameters: 1(Long), 1(Integer), 1(Long), 测试的店铺1(String), test1(String), test1(String), test1(String), test1(String), null, 2018-08-29 09:49:55.401(Timestamp), null, 1(Integer), 审核中(String)
2018-08-29 09:55:21.436 [main] DEBUG com.imooc.o2o.dao.ShopDao.insertShop-==>  Preparing: insert into tb_shop(owner_id,area_id,shop_category_id,shop_name,shop_desc,shop_addr, phone,shop_img,priority,create_time,last_edit_time,enable_status,advice) values (?,?,?,?,?,?, ?,?,?,?,?,?,?) 
2018-08-29 09:55:21.539 [main] DEBUG com.imooc.o2o.dao.ShopDao.insertShop-==> Parameters: 1(Long), 1(Integer), 1(Long), 测试的店铺(String), test(String), test(String), test(String), test(String), null, 2018-08-29 09:55:20.758(Timestamp), null, 1(Integer), 审核中(String)
2018-08-29 09:56:25.793 [main] DEBUG com.imooc.o2o.dao.ShopDao.insertShop-==>  Preparing: insert into tb_shop(owner_id,area_id,shop_category_id,shop_name,shop_desc,shop_addr, phone,shop_img,priority,create_time,last_edit_time,enable_status,advice) values (?,?,?,?,?,?, ?,?,?,?,?,?,?) 
2018-08-29 09:56:25.877 [main] DEBUG com.imooc.o2o.dao.ShopDao.insertShop-==> Parameters: 1(Long), 1(Integer), 1(Long), 测试的店铺(String), test(String), test(String), test(String), test(String), null, 2018-08-29 09:56:25.321(Timestamp), null, 1(Integer), 审核中(String)
2018-08-29 09:58:32.378 [main] DEBUG com.imooc.o2o.dao.ShopDao.insertShop-==>  Preparing: insert into tb_shop(owner_id,area_id,shop_category_id,shop_name,shop_desc,shop_addr, phone,shop_img,priority,create_time,last_edit_time,enable_status,advice) values (?,?,?,?,?,?, ?,?,?,?,?,?,?) 
2018-08-29 09:58:32.455 [main] DEBUG com.imooc.o2o.dao.ShopDao.insertShop-==> Parameters: 1(Long), 1(Integer), 1(Long), 测试的店铺(String), test(String), test(String), test(String), test(String), null, 2018-08-29 09:58:31.901(Timestamp), null, 1(Integer), 审核中(String)
2018-08-29 09:58:32.596 [main] DEBUG com.imooc.o2o.dao.ShopDao.insertShop-<==    Updates: 1
2018-08-29 09:59:47.84 [main] DEBUG com.imooc.o2o.dao.ShopDao.updateShop-==>  Preparing: update tb_shop SET shop_desc=?, shop_addr=?, last_edit_time=? where shop_id=? 
2018-08-29 09:59:47.134 [main] DEBUG com.imooc.o2o.dao.ShopDao.updateShop-==> Parameters: 测试描述(String), 测试地址(String), 2018-08-29 09:59:46.37(Timestamp), 1(Long)
2018-08-29 09:59:47.134 [main] DEBUG com.imooc.o2o.dao.ShopDao.updateShop-<==    Updates: 0
2018-08-29 10:00:07.50 [main] DEBUG com.imooc.o2o.dao.ShopDao.updateShop-==>  Preparing: update tb_shop SET shop_desc=?, shop_addr=?, last_edit_time=? where shop_id=? 
2018-08-29 10:00:07.123 [main] DEBUG com.imooc.o2o.dao.ShopDao.updateShop-==> Parameters: 测试描述(String), 测试地址(String), 2018-08-29 10:00:06.472(Timestamp), 13(Long)
2018-08-29 10:00:07.190 [main] DEBUG com.imooc.o2o.dao.ShopDao.updateShop-<==    Updates: 1
2018-08-29 10:00:27.114 [main] DEBUG com.imooc.o2o.dao.ShopDao.insertShop-==>  Preparing: insert into tb_shop(owner_id,area_id,shop_category_id,shop_name,shop_desc,shop_addr, phone,shop_img,priority,create_time,last_edit_time,enable_status,advice) values (?,?,?,?,?,?, ?,?,?,?,?,?,?) 
2018-08-29 10:00:27.150 [main] DEBUG com.imooc.o2o.dao.ShopDao.insertShop-==> Parameters: 1(Long), 3(Integer), 1(Long), 测试的店铺1(String), test1(String), test1(String), test1(String), null, null, 2018-08-29 10:00:27.07(Timestamp), 2018-08-29 10:00:27.07(Timestamp), 0(Integer), 审核中(String)
2018-08-29 10:01:27.194 [main] DEBUG com.imooc.o2o.dao.ShopDao.insertShop-==>  Preparing: insert into tb_shop(owner_id,area_id,shop_category_id,shop_name,shop_desc,shop_addr, phone,shop_img,priority,create_time,last_edit_time,enable_status,advice) values (?,?,?,?,?,?, ?,?,?,?,?,?,?) 
2018-08-29 10:01:27.230 [main] DEBUG com.imooc.o2o.dao.ShopDao.insertShop-==> Parameters: 1(Long), 1(Integer), 1(Long), 测试的店铺1(String), test1(String), test1(String), test1(String), null, null, 2018-08-29 10:01:27.13(Timestamp), 2018-08-29 10:01:27.13(Timestamp), 0(Integer), 审核中(String)
2018-08-29 10:01:27.249 [main] DEBUG com.imooc.o2o.dao.ShopDao.insertShop-<==    Updates: 1
2018-08-29 10:09:04.865 [main] DEBUG com.imooc.o2o.dao.ShopDao.insertShop-==>  Preparing: insert into tb_shop(owner_id,area_id,shop_category_id,shop_name,shop_desc,shop_addr, phone,shop_img,priority,create_time,last_edit_time,enable_status,advice) values (?,?,?,?,?,?, ?,?,?,?,?,?,?) 
2018-08-29 10:09:04.912 [main] DEBUG com.imooc.o2o.dao.ShopDao.insertShop-==> Parameters: 1(Long), 1(Integer), 1(Long), 测试的店铺1(String), test1(String), test1(String), test1(String), null, null, 2018-08-29 10:09:04.826(Timestamp), 2018-08-29 10:09:04.826(Timestamp), 0(Integer), 审核中(String)
2018-08-29 10:09:04.923 [main] DEBUG com.imooc.o2o.dao.ShopDao.insertShop-<==    Updates: 1
2018-08-29 10:11:29.240 [main] DEBUG com.imooc.o2o.dao.ShopDao.insertShop-==>  Preparing: insert into tb_shop(owner_id,area_id,shop_category_id,shop_name,shop_desc,shop_addr, phone,shop_img,priority,create_time,last_edit_time,enable_status,advice) values (?,?,?,?,?,?, ?,?,?,?,?,?,?) 
2018-08-29 10:11:29.283 [main] DEBUG com.imooc.o2o.dao.ShopDao.insertShop-==> Parameters: 1(Long), 1(Integer), 1(Long), 测试的店铺1(String), test1(String), test1(String), test1(String), null, null, 2018-08-29 10:11:29.186(Timestamp), 2018-08-29 10:11:29.186(Timestamp), 0(Integer), 审核中(String)
2018-08-29 10:11:29.283 [main] DEBUG com.imooc.o2o.dao.ShopDao.insertShop-<==    Updates: 1
2018-08-29 10:18:09.916 [main] DEBUG com.imooc.o2o.dao.ShopDao.insertShop-==>  Preparing: insert into tb_shop(owner_id,area_id,shop_category_id,shop_name,shop_desc,shop_addr, phone,shop_img,priority,create_time,last_edit_time,enable_status,advice) values (?,?,?,?,?,?, ?,?,?,?,?,?,?) 
2018-08-29 10:18:09.965 [main] DEBUG com.imooc.o2o.dao.ShopDao.insertShop-==> Parameters: 1(Long), 1(Integer), 1(Long), 测试的店铺1(String), test1(String), test1(String), test1(String), null, null, 2018-08-29 10:18:09.867(Timestamp), 2018-08-29 10:18:09.867(Timestamp), 0(Integer), 审核中(String)
2018-08-29 10:18:10.45 [main] DEBUG com.imooc.o2o.dao.ShopDao.insertShop-<==    Updates: 1
2018-08-29 10:20:35.124 [main] DEBUG com.imooc.o2o.dao.ShopDao.insertShop-==>  Preparing: insert into tb_shop(owner_id,area_id,shop_category_id,shop_name,shop_desc,shop_addr, phone,shop_img,priority,create_time,last_edit_time,enable_status,advice) values (?,?,?,?,?,?, ?,?,?,?,?,?,?) 
2018-08-29 10:20:35.177 [main] DEBUG com.imooc.o2o.dao.ShopDao.insertShop-==> Parameters: 1(Long), 1(Integer), 1(Long), 测试的店铺1(String), test1(String), test1(String), test1(String), null, null, 2018-08-29 10:20:35.086(Timestamp), 2018-08-29 10:20:35.086(Timestamp), 0(Integer), 审核中(String)
2018-08-29 10:20:35.186 [main] DEBUG com.imooc.o2o.dao.ShopDao.insertShop-<==    Updates: 1
2018-08-29 10:23:55.687 [main] DEBUG com.imooc.o2o.dao.ShopDao.insertShop-==>  Preparing: insert into tb_shop(owner_id,area_id,shop_category_id,shop_name,shop_desc,shop_addr, phone,shop_img,priority,create_time,last_edit_time,enable_status,advice) values (?,?,?,?,?,?, ?,?,?,?,?,?,?) 
2018-08-29 10:23:55.740 [main] DEBUG com.imooc.o2o.dao.ShopDao.insertShop-==> Parameters: 1(Long), 1(Integer), 1(Long), 测试的店铺1(String), test1(String), test1(String), test1(String), null, null, 2018-08-29 10:23:55.636(Timestamp), 2018-08-29 10:23:55.636(Timestamp), 0(Integer), 审核中(String)
2018-08-29 10:23:55.817 [main] DEBUG com.imooc.o2o.dao.ShopDao.insertShop-<==    Updates: 1
2018-08-29 10:27:03.708 [main] DEBUG com.imooc.o2o.dao.ShopDao.insertShop-==>  Preparing: insert into tb_shop(owner_id,area_id,shop_category_id,shop_name,shop_desc,shop_addr, phone,shop_img,priority,create_time,last_edit_time,enable_status,advice) values (?,?,?,?,?,?, ?,?,?,?,?,?,?) 
2018-08-29 10:27:03.760 [main] DEBUG com.imooc.o2o.dao.ShopDao.insertShop-==> Parameters: 1(Long), 1(Integer), 1(Long), 测试的店铺1(String), test1(String), test1(String), test1(String), null, null, 2018-08-29 10:27:03.652(Timestamp), 2018-08-29 10:27:03.652(Timestamp), 0(Integer), 审核中(String)
2018-08-29 10:27:03.832 [main] DEBUG com.imooc.o2o.dao.ShopDao.insertShop-<==    Updates: 1
2018-08-29 10:31:04.382 [main] DEBUG com.imooc.o2o.dao.ShopDao.insertShop-==>  Preparing: insert into tb_shop(owner_id,area_id,shop_category_id,shop_name,shop_desc,shop_addr, phone,shop_img,priority,create_time,last_edit_time,enable_status,advice) values (?,?,?,?,?,?, ?,?,?,?,?,?,?) 
2018-08-29 10:31:04.429 [main] DEBUG com.imooc.o2o.dao.ShopDao.insertShop-==> Parameters: 1(Long), 1(Integer), 1(Long), 测试的店铺1(String), test1(String), test1(String), test1(String), null, null, 2018-08-29 10:31:04.339(Timestamp), 2018-08-29 10:31:04.339(Timestamp), 0(Integer), 审核中(String)
2018-08-29 10:31:04.499 [main] DEBUG com.imooc.o2o.dao.ShopDao.insertShop-<==    Updates: 1
2018-08-29 10:31:43.03 [main] DEBUG com.imooc.o2o.dao.ShopDao.insertShop-==>  Preparing: insert into tb_shop(owner_id,area_id,shop_category_id,shop_name,shop_desc,shop_addr, phone,shop_img,priority,create_time,last_edit_time,enable_status,advice) values (?,?,?,?,?,?, ?,?,?,?,?,?,?) 
2018-08-29 10:31:43.112 [main] DEBUG com.imooc.o2o.dao.ShopDao.insertShop-==> Parameters: 1(Long), 1(Integer), 1(Long), 测试的店铺1(String), test1(String), test1(String), test1(String), null, null, 2018-08-29 10:31:42.923(Timestamp), 2018-08-29 10:31:42.923(Timestamp), 0(Integer), 审核中(String)
2018-08-29 10:31:43.191 [main] DEBUG com.imooc.o2o.dao.ShopDao.insertShop-<==    Updates: 1
2018-08-29 10:33:14.263 [main] DEBUG com.imooc.o2o.dao.ShopDao.insertShop-==>  Preparing: insert into tb_shop(owner_id,area_id,shop_category_id,shop_name,shop_desc,shop_addr, phone,shop_img,priority,create_time,last_edit_time,enable_status,advice) values (?,?,?,?,?,?, ?,?,?,?,?,?,?) 
2018-08-29 10:33:14.469 [main] DEBUG com.imooc.o2o.dao.ShopDao.insertShop-==> Parameters: 1(Long), 1(Integer), 1(Long), 测试的店铺1(String), test1(String), test1(String), test1(String), null, null, 2018-08-29 10:33:14.144(Timestamp), 2018-08-29 10:33:14.144(Timestamp), 0(Integer), 审核中(String)
2018-08-29 10:33:14.478 [main] DEBUG com.imooc.o2o.dao.ShopDao.insertShop-<==    Updates: 1
2018-08-29 10:33:17.820 [main] DEBUG com.imooc.o2o.dao.ShopDao.insertShop-==>  Preparing: insert into tb_shop(owner_id,area_id,shop_category_id,shop_name,shop_desc,shop_addr, phone,shop_img,priority,create_time,last_edit_time,enable_status,advice) values (?,?,?,?,?,?, ?,?,?,?,?,?,?) 
2018-08-29 10:33:17.910 [main] DEBUG com.imooc.o2o.dao.ShopDao.insertShop-==> Parameters: 1(Long), 1(Integer), 1(Long), 测试的店铺1(String), test1(String), test1(String), test1(String), null, null, 2018-08-29 10:33:17.744(Timestamp), 2018-08-29 10:33:17.744(Timestamp), 0(Integer), 审核中(String)
2018-08-29 10:33:17.970 [main] DEBUG com.imooc.o2o.dao.ShopDao.insertShop-<==    Updates: 1
2018-08-29 10:35:47.240 [main] DEBUG com.imooc.o2o.dao.ShopDao.insertShop-==>  Preparing: insert into tb_shop(owner_id,area_id,shop_category_id,shop_name,shop_desc,shop_addr, phone,shop_img,priority,create_time,last_edit_time,enable_status,advice) values (?,?,?,?,?,?, ?,?,?,?,?,?,?) 
2018-08-29 10:35:47.294 [main] DEBUG com.imooc.o2o.dao.ShopDao.insertShop-==> Parameters: 1(Long), 1(Integer), 1(Long), 测试的店铺1(String), test1(String), test1(String), test1(String), null, null, 2018-08-29 10:35:47.194(Timestamp), 2018-08-29 10:35:47.194(Timestamp), 0(Integer), 审核中(String)
2018-08-29 10:35:47.370 [main] DEBUG com.imooc.o2o.dao.ShopDao.insertShop-<==    Updates: 1
2018-08-29 10:36:31.00 [main] DEBUG com.imooc.o2o.dao.ShopDao.insertShop-==>  Preparing: insert into tb_shop(owner_id,area_id,shop_category_id,shop_name,shop_desc,shop_addr, phone,shop_img,priority,create_time,last_edit_time,enable_status,advice) values (?,?,?,?,?,?, ?,?,?,?,?,?,?) 
2018-08-29 10:36:31.50 [main] DEBUG com.imooc.o2o.dao.ShopDao.insertShop-==> Parameters: 1(Long), 1(Integer), 1(Long), 测试的店铺1(String), test1(String), test1(String), test1(String), null, null, 2018-08-29 10:36:30.974(Timestamp), 2018-08-29 10:36:30.974(Timestamp), 0(Integer), 审核中(String)
2018-08-29 10:36:31.57 [main] DEBUG com.imooc.o2o.dao.ShopDao.insertShop-<==    Updates: 1
2018-08-29 10:36:41.640 [main] DEBUG com.imooc.o2o.dao.ShopDao.insertShop-==>  Preparing: insert into tb_shop(owner_id,area_id,shop_category_id,shop_name,shop_desc,shop_addr, phone,shop_img,priority,create_time,last_edit_time,enable_status,advice) values (?,?,?,?,?,?, ?,?,?,?,?,?,?) 
2018-08-29 10:36:41.725 [main] DEBUG com.imooc.o2o.dao.ShopDao.insertShop-==> Parameters: 1(Long), 1(Integer), 1(Long), 测试的店铺1(String), test1(String), test1(String), test1(String), null, null, 2018-08-29 10:36:41.584(Timestamp), 2018-08-29 10:36:41.584(Timestamp), 0(Integer), 审核中(String)
2018-08-29 10:36:41.796 [main] DEBUG com.imooc.o2o.dao.ShopDao.insertShop-<==    Updates: 1
2018-08-29 10:43:06.757 [main] DEBUG com.imooc.o2o.dao.ShopDao.insertShop-==>  Preparing: insert into tb_shop(owner_id,area_id,shop_category_id,shop_name,shop_desc,shop_addr, phone,shop_img,priority,create_time,last_edit_time,enable_status,advice) values (?,?,?,?,?,?, ?,?,?,?,?,?,?) 
2018-08-29 10:43:06.848 [main] DEBUG com.imooc.o2o.dao.ShopDao.insertShop-==> Parameters: 1(Long), 1(Integer), 1(Long), 测试的店铺1(String), test1(String), test1(String), test1(String), null, null, 2018-08-29 10:43:06.681(Timestamp), 2018-08-29 10:43:06.681(Timestamp), 0(Integer), 审核中(String)
2018-08-29 10:43:06.923 [main] DEBUG com.imooc.o2o.dao.ShopDao.insertShop-<==    Updates: 1
2018-08-29 10:45:06.956 [main] DEBUG com.imooc.o2o.dao.ShopDao.insertShop-==>  Preparing: insert into tb_shop(owner_id,area_id,shop_category_id,shop_name,shop_desc,shop_addr, phone,shop_img,priority,create_time,last_edit_time,enable_status,advice) values (?,?,?,?,?,?, ?,?,?,?,?,?,?) 
2018-08-29 10:45:07.39 [main] DEBUG com.imooc.o2o.dao.ShopDao.insertShop-==> Parameters: 1(Long), 1(Integer), 1(Long), 测试的店铺1(String), test1(String), test1(String), test1(String), null, null, 2018-08-29 10:45:06.881(Timestamp), 2018-08-29 10:45:06.881(Timestamp), 0(Integer), 审核中(String)
2018-08-29 10:45:07.113 [main] DEBUG com.imooc.o2o.dao.ShopDao.insertShop-<==    Updates: 1
2018-08-29 10:45:25.705 [main] DEBUG com.imooc.o2o.dao.ShopDao.insertShop-==>  Preparing: insert into tb_shop(owner_id,area_id,shop_category_id,shop_name,shop_desc,shop_addr, phone,shop_img,priority,create_time,last_edit_time,enable_status,advice) values (?,?,?,?,?,?, ?,?,?,?,?,?,?) 
2018-08-29 10:45:25.792 [main] DEBUG com.imooc.o2o.dao.ShopDao.insertShop-==> Parameters: 1(Long), 1(Integer), 1(Long), 测试的店铺1(String), test1(String), test1(String), test1(String), null, null, 2018-08-29 10:45:25.506(Timestamp), 2018-08-29 10:45:25.506(Timestamp), 0(Integer), 审核中(String)
2018-08-29 10:45:25.794 [main] DEBUG com.imooc.o2o.dao.ShopDao.insertShop-<==    Updates: 1
2018-08-29 11:06:38.278 [main] DEBUG com.imooc.o2o.dao.ShopDao.insertShop-==>  Preparing: insert into tb_shop(owner_id,area_id,shop_category_id,shop_name,shop_desc,shop_addr, phone,shop_img,priority,create_time,last_edit_time,enable_status,advice) values (?,?,?,?,?,?, ?,?,?,?,?,?,?) 
2018-08-29 11:06:38.352 [main] DEBUG com.imooc.o2o.dao.ShopDao.insertShop-==> Parameters: 1(Long), 1(Integer), 1(Long), 测试的店铺1(String), test1(String), test1(String), test1(String), null, null, 2018-08-29 11:06:38.23(Timestamp), 2018-08-29 11:06:38.23(Timestamp), 0(Integer), 审核中(String)
2018-08-29 11:06:38.425 [main] DEBUG com.imooc.o2o.dao.ShopDao.insertShop-<==    Updates: 1
2018-08-29 11:08:12.737 [main] DEBUG com.imooc.o2o.dao.ShopDao.insertShop-==>  Preparing: insert into tb_shop(owner_id,area_id,shop_category_id,shop_name,shop_desc,shop_addr, phone,shop_img,priority,create_time,last_edit_time,enable_status,advice) values (?,?,?,?,?,?, ?,?,?,?,?,?,?) 
2018-08-29 11:08:12.826 [main] DEBUG com.imooc.o2o.dao.ShopDao.insertShop-==> Parameters: 1(Long), 1(Integer), 1(Long), 测试的店铺1(String), test1(String), test1(String), test1(String), null, null, 2018-08-29 11:08:12.669(Timestamp), 2018-08-29 11:08:12.669(Timestamp), 0(Integer), 审核中(String)
2018-08-29 11:08:12.829 [main] DEBUG com.imooc.o2o.dao.ShopDao.insertShop-<==    Updates: 1
2018-08-29 11:10:23.283 [main] DEBUG com.imooc.o2o.dao.ShopDao.insertShop-==>  Preparing: insert into tb_shop(owner_id,area_id,shop_category_id,shop_name,shop_desc,shop_addr, phone,shop_img,priority,create_time,last_edit_time,enable_status,advice) values (?,?,?,?,?,?, ?,?,?,?,?,?,?) 
2018-08-29 11:10:23.385 [main] DEBUG com.imooc.o2o.dao.ShopDao.insertShop-==> Parameters: 1(Long), 1(Integer), 1(Long), 测试的店铺1(String), test1(String), test1(String), test1(String), null, null, 2018-08-29 11:10:23.173(Timestamp), 2018-08-29 11:10:23.173(Timestamp), 0(Integer), 审核中(String)
2018-08-29 11:10:23.393 [main] DEBUG com.imooc.o2o.dao.ShopDao.insertShop-<==    Updates: 1
2018-08-29 11:13:33.824 [main] DEBUG com.imooc.o2o.dao.ShopDao.insertShop-==>  Preparing: insert into tb_shop(owner_id,area_id,shop_category_id,shop_name,shop_desc,shop_addr, phone,shop_img,priority,create_time,last_edit_time,enable_status,advice) values (?,?,?,?,?,?, ?,?,?,?,?,?,?) 
2018-08-29 11:13:33.871 [main] DEBUG com.imooc.o2o.dao.ShopDao.insertShop-==> Parameters: 1(Long), 1(Integer), 1(Long), 测试的店铺1(String), test1(String), test1(String), test1(String), null, null, 2018-08-29 11:13:33.771(Timestamp), 2018-08-29 11:13:33.771(Timestamp), 0(Integer), 审核中(String)
2018-08-29 11:13:33.871 [main] DEBUG com.imooc.o2o.dao.ShopDao.insertShop-<==    Updates: 1
2018-08-29 11:13:47.761 [main] DEBUG com.imooc.o2o.dao.ShopDao.insertShop-==>  Preparing: insert into tb_shop(owner_id,area_id,shop_category_id,shop_name,shop_desc,shop_addr, phone,shop_img,priority,create_time,last_edit_time,enable_status,advice) values (?,?,?,?,?,?, ?,?,?,?,?,?,?) 
2018-08-29 11:13:47.870 [main] DEBUG com.imooc.o2o.dao.ShopDao.insertShop-==> Parameters: 1(Long), 1(Integer), 1(Long), 测试的店铺1(String), test1(String), test1(String), test1(String), null, null, 2018-08-29 11:13:47.592(Timestamp), 2018-08-29 11:13:47.592(Timestamp), 0(Integer), 审核中(String)
2018-08-29 11:13:47.886 [main] DEBUG com.imooc.o2o.dao.ShopDao.insertShop-<==    Updates: 1
2018-08-29 11:18:06.756 [main] DEBUG com.imooc.o2o.dao.ShopDao.insertShop-==>  Preparing: insert into tb_shop(owner_id,area_id,shop_category_id,shop_name,shop_desc,shop_addr, phone,shop_img,priority,create_time,last_edit_time,enable_status,advice) values (?,?,?,?,?,?, ?,?,?,?,?,?,?) 
2018-08-29 11:18:06.838 [main] DEBUG com.imooc.o2o.dao.ShopDao.insertShop-==> Parameters: 1(Long), 1(Integer), 1(Long), 测试的店铺1(String), test1(String), test1(String), test1(String), null, null, 2018-08-29 11:18:06.707(Timestamp), 2018-08-29 11:18:06.707(Timestamp), 0(Integer), 审核中(String)
2018-08-29 11:18:06.841 [main] DEBUG com.imooc.o2o.dao.ShopDao.insertShop-<==    Updates: 1
2018-08-29 11:18:57.526 [main] DEBUG com.imooc.o2o.dao.ShopDao.insertShop-==>  Preparing: insert into tb_shop(owner_id,area_id,shop_category_id,shop_name,shop_desc,shop_addr, phone,shop_img,priority,create_time,last_edit_time,enable_status,advice) values (?,?,?,?,?,?, ?,?,?,?,?,?,?) 
2018-08-29 11:18:57.606 [main] DEBUG com.imooc.o2o.dao.ShopDao.insertShop-==> Parameters: 1(Long), 1(Integer), 1(Long), 测试的店铺1(String), test1(String), test1(String), test1(String), null, null, 2018-08-29 11:18:57.422(Timestamp), 2018-08-29 11:18:57.422(Timestamp), 0(Integer), 审核中(String)
2018-08-29 11:18:57.642 [main] DEBUG com.imooc.o2o.dao.ShopDao.insertShop-<==    Updates: 1
2018-08-29 11:19:59.960 [main] DEBUG com.imooc.o2o.dao.ShopDao.insertShop-==>  Preparing: insert into tb_shop(owner_id,area_id,shop_category_id,shop_name,shop_desc,shop_addr, phone,shop_img,priority,create_time,last_edit_time,enable_status,advice) values (?,?,?,?,?,?, ?,?,?,?,?,?,?) 
2018-08-29 11:20:00.27 [main] DEBUG com.imooc.o2o.dao.ShopDao.insertShop-==> Parameters: 1(Long), 1(Integer), 1(Long), 测试的店铺1(String), test1(String), test1(String), test1(String), null, null, 2018-08-29 11:19:59.886(Timestamp), 2018-08-29 11:19:59.886(Timestamp), 0(Integer), 审核中(String)
2018-08-29 11:20:00.34 [main] DEBUG com.imooc.o2o.dao.ShopDao.insertShop-<==    Updates: 1
2018-08-29 11:22:28.880 [main] DEBUG com.imooc.o2o.dao.ShopDao.insertShop-==>  Preparing: insert into tb_shop(owner_id,area_id,shop_category_id,shop_name,shop_desc,shop_addr, phone,shop_img,priority,create_time,last_edit_time,enable_status,advice) values (?,?,?,?,?,?, ?,?,?,?,?,?,?) 
2018-08-29 11:22:28.958 [main] DEBUG com.imooc.o2o.dao.ShopDao.insertShop-==> Parameters: 1(Long), 1(Integer), 1(Long), 测试的店铺1(String), test1(String), test1(String), test1(String), null, null, 2018-08-29 11:22:28.806(Timestamp), 2018-08-29 11:22:28.806(Timestamp), 0(Integer), 审核中(String)
2018-08-29 11:22:28.964 [main] DEBUG com.imooc.o2o.dao.ShopDao.insertShop-<==    Updates: 1
2018-08-29 11:27:15.237 [main] DEBUG com.imooc.o2o.dao.ShopDao.insertShop-==>  Preparing: insert into tb_shop(owner_id,area_id,shop_category_id,shop_name,shop_desc,shop_addr, phone,shop_img,priority,create_time,last_edit_time,enable_status,advice) values (?,?,?,?,?,?, ?,?,?,?,?,?,?) 
2018-08-29 11:27:15.317 [main] DEBUG com.imooc.o2o.dao.ShopDao.insertShop-==> Parameters: 1(Long), 1(Integer), 1(Long), 测试的店铺1(String), test1(String), test1(String), test1(String), null, null, 2018-08-29 11:27:15.19(Timestamp), 2018-08-29 11:27:15.19(Timestamp), 0(Integer), 审核中(String)
2018-08-29 11:27:15.330 [main] DEBUG com.imooc.o2o.dao.ShopDao.insertShop-<==    Updates: 1
2018-08-29 11:29:04.755 [main] DEBUG com.imooc.o2o.dao.ShopDao.insertShop-==>  Preparing: insert into tb_shop(owner_id,area_id,shop_category_id,shop_name,shop_desc,shop_addr, phone,shop_img,priority,create_time,last_edit_time,enable_status,advice) values (?,?,?,?,?,?, ?,?,?,?,?,?,?) 
2018-08-29 11:29:04.836 [main] DEBUG com.imooc.o2o.dao.ShopDao.insertShop-==> Parameters: 1(Long), 1(Integer), 1(Long), 测试的店铺1(String), test1(String), test1(String), test1(String), null, null, 2018-08-29 11:29:04.656(Timestamp), 2018-08-29 11:29:04.656(Timestamp), 0(Integer), 审核中(String)
2018-08-29 11:29:04.899 [main] DEBUG com.imooc.o2o.dao.ShopDao.insertShop-<==    Updates: 1
2018-08-29 11:30:43.837 [main] DEBUG com.imooc.o2o.dao.ShopDao.insertShop-==>  Preparing: insert into tb_shop(owner_id,area_id,shop_category_id,shop_name,shop_desc,shop_addr, phone,shop_img,priority,create_time,last_edit_time,enable_status,advice) values (?,?,?,?,?,?, ?,?,?,?,?,?,?) 
2018-08-29 11:30:43.914 [main] DEBUG com.imooc.o2o.dao.ShopDao.insertShop-==> Parameters: 1(Long), 1(Integer), 1(Long), 测试的店铺1(String), test1(String), test1(String), test1(String), null, null, 2018-08-29 11:30:43.75(Timestamp), 2018-08-29 11:30:43.75(Timestamp), 0(Integer), 审核中(String)
2018-08-29 11:30:43.918 [main] DEBUG com.imooc.o2o.dao.ShopDao.insertShop-<==    Updates: 1
2018-08-29 11:36:43.324 [main] DEBUG com.imooc.o2o.dao.ShopDao.insertShop-==>  Preparing: insert into tb_shop(owner_id,area_id,shop_category_id,shop_name,shop_desc,shop_addr, phone,shop_img,priority,create_time,last_edit_time,enable_status,advice) values (?,?,?,?,?,?, ?,?,?,?,?,?,?) 
2018-08-29 11:36:43.402 [main] DEBUG com.imooc.o2o.dao.ShopDao.insertShop-==> Parameters: 1(Long), 1(Integer), 1(Long), 测试的店铺1(String), test1(String), test1(String), test1(String), null, null, 2018-08-29 11:36:43.23(Timestamp), 2018-08-29 11:36:43.23(Timestamp), 0(Integer), 审核中(String)
2018-08-29 11:36:43.477 [main] DEBUG com.imooc.o2o.dao.ShopDao.insertShop-<==    Updates: 1
2018-08-29 11:41:30.533 [main] DEBUG com.imooc.o2o.dao.ShopDao.insertShop-==>  Preparing: insert into tb_shop(owner_id,area_id,shop_category_id,shop_name,shop_desc,shop_addr, phone,shop_img,priority,create_time,last_edit_time,enable_status,advice) values (?,?,?,?,?,?, ?,?,?,?,?,?,?) 
2018-08-29 11:41:30.642 [main] DEBUG com.imooc.o2o.dao.ShopDao.insertShop-==> Parameters: 1(Long), 1(Integer), 1(Long), 测试的店铺1(String), test1(String), test1(String), test1(String), null, null, 2018-08-29 11:41:30.455(Timestamp), 2018-08-29 11:41:30.455(Timestamp), 0(Integer), 审核中(String)
2018-08-29 11:41:30.647 [main] DEBUG com.imooc.o2o.dao.ShopDao.insertShop-<==    Updates: 1
2018-08-29 11:42:31.376 [main] DEBUG com.imooc.o2o.web.superadmin.AreaController-current relativeAddr is :45\2018082911413537637.jpg
2018-08-29 11:43:06.421 [main] DEBUG com.imooc.o2o.web.superadmin.AreaController-current complete addr is:E:\图片\45\2018082911413537637.jpg
2018-08-29 11:43:44.697 [main] DEBUG com.imooc.o2o.dao.ShopDao.updateShop-==>  Preparing: update tb_shop SET shop_name=?, shop_desc=?, shop_addr=?, phone=?, shop_img=?, last_edit_time=?, enable_status=?, advice=?, area_id=?, shop_category_id=? where shop_id=? 
2018-08-29 11:43:44.739 [main] DEBUG com.imooc.o2o.dao.ShopDao.updateShop-==> Parameters: 测试的店铺1(String), test1(String), test1(String), test1(String), 45\2018082911413537637.jpg(String), 2018-08-29 11:41:30.455(Timestamp), 0(Integer), 审核中(String), 1(Integer), 1(Long), 45(Long)
2018-08-29 11:43:44.752 [main] DEBUG com.imooc.o2o.dao.ShopDao.updateShop-<==    Updates: 1
2018-08-29 11:44:57.289 [main] DEBUG com.imooc.o2o.dao.ShopDao.insertShop-==>  Preparing: insert into tb_shop(owner_id,area_id,shop_category_id,shop_name,shop_desc,shop_addr, phone,shop_img,priority,create_time,last_edit_time,enable_status,advice) values (?,?,?,?,?,?, ?,?,?,?,?,?,?) 
2018-08-29 11:44:57.350 [main] DEBUG com.imooc.o2o.dao.ShopDao.insertShop-==> Parameters: 1(Long), 1(Integer), 1(Long), 测试的店铺1(String), test1(String), test1(String), test1(String), null, null, 2018-08-29 11:44:57.263(Timestamp), 2018-08-29 11:44:57.263(Timestamp), 0(Integer), 审核中(String)
2018-08-29 11:44:57.403 [main] DEBUG com.imooc.o2o.dao.ShopDao.insertShop-<==    Updates: 1
2018-08-29 11:44:57.413 [main] DEBUG com.imooc.o2o.web.superadmin.AreaController-current relativeAddr is :46\2018082911445782492.jpg
2018-08-29 11:44:57.413 [main] DEBUG com.imooc.o2o.web.superadmin.AreaController-current complete addr is:E:\图片\46\2018082911445782492.jpg
2018-08-29 11:44:57.809 [main] DEBUG com.imooc.o2o.dao.ShopDao.updateShop-==>  Preparing: update tb_shop SET shop_name=?, shop_desc=?, shop_addr=?, phone=?, shop_img=?, last_edit_time=?, enable_status=?, advice=?, area_id=?, shop_category_id=? where shop_id=? 
2018-08-29 11:44:57.809 [main] DEBUG com.imooc.o2o.dao.ShopDao.updateShop-==> Parameters: 测试的店铺1(String), test1(String), test1(String), test1(String), 46\2018082911445782492.jpg(String), 2018-08-29 11:44:57.263(Timestamp), 0(Integer), 审核中(String), 1(Integer), 1(Long), 46(Long)
2018-08-29 11:44:57.809 [main] DEBUG com.imooc.o2o.dao.ShopDao.updateShop-<==    Updates: 1
2018-08-30 20:35:24.86 [main] DEBUG c.imooc.o2o.dao.ShopCategoryDao.queryShopCategory-==>  Preparing: select * from tb_shop_category order by priority desc 
2018-08-30 20:35:24.198 [main] DEBUG c.imooc.o2o.dao.ShopCategoryDao.queryShopCategory-==> Parameters: 
2018-08-30 20:35:24.227 [main] DEBUG c.imooc.o2o.dao.ShopCategoryDao.queryShopCategory-<==      Total: 1
2018-08-30 20:39:43.825 [main] DEBUG c.imooc.o2o.dao.ShopCategoryDao.queryShopCategory-==>  Preparing: select * from tb_shop_category WHERE parent_id = ? order by priority desc 
2018-08-30 20:39:43.887 [main] DEBUG c.imooc.o2o.dao.ShopCategoryDao.queryShopCategory-==> Parameters: 1(Long)
2018-08-30 20:39:43.949 [main] DEBUG c.imooc.o2o.dao.ShopCategoryDao.queryShopCategory-<==      Total: 1
2018-08-30 23:39:01.20 [main] DEBUG com.imooc.o2o.dao.ShopDao.insertShop-==>  Preparing: insert into tb_shop(owner_id,area_id,shop_category_id,shop_name,shop_desc,shop_addr, phone,shop_img,priority,create_time,last_edit_time,enable_status,advice) values (?,?,?,?,?,?, ?,?,?,?,?,?,?) 
2018-08-30 23:39:01.64 [main] DEBUG com.imooc.o2o.dao.ShopDao.insertShop-==> Parameters: 1(Long), 1(Integer), 1(Long), 测试的店铺3(String), test3(String), test3(String), test3(String), null, null, 2018-08-30 23:39:00.982(Timestamp), 2018-08-30 23:39:00.982(Timestamp), 0(Integer), 审核中(String)
2018-08-30 23:39:01.138 [main] DEBUG com.imooc.o2o.dao.ShopDao.insertShop-<==    Updates: 1
2018-08-30 23:39:01.150 [main] DEBUG com.imooc.o2o.web.superadmin.AreaController-current relativeAddr is :51\2018083023390146473.jpg
2018-08-30 23:39:01.150 [main] DEBUG com.imooc.o2o.web.superadmin.AreaController-current complete addr is:E:\图片\51\2018083023390146473.jpg
2018-08-30 23:39:01.307 [main] DEBUG com.imooc.o2o.dao.ShopDao.updateShop-==>  Preparing: update tb_shop SET shop_name=?, shop_desc=?, shop_addr=?, phone=?, shop_img=?, last_edit_time=?, enable_status=?, advice=?, area_id=?, shop_category_id=? where shop_id=? 
2018-08-30 23:39:01.308 [main] DEBUG com.imooc.o2o.dao.ShopDao.updateShop-==> Parameters: 测试的店铺3(String), test3(String), test3(String), test3(String), 51\2018083023390146473.jpg(String), 2018-08-30 23:39:00.982(Timestamp), 0(Integer), 审核中(String), 1(Integer), 1(Long), 51(Long)
2018-08-30 23:39:01.310 [main] DEBUG com.imooc.o2o.dao.ShopDao.updateShop-<==    Updates: 1
2018-08-30 23:39:58.54 [main] DEBUG com.imooc.o2o.dao.ShopDao.insertShop-==>  Preparing: insert into tb_shop(owner_id,area_id,shop_category_id,shop_name,shop_desc,shop_addr, phone,shop_img,priority,create_time,last_edit_time,enable_status,advice) values (?,?,?,?,?,?, ?,?,?,?,?,?,?) 
2018-08-30 23:39:58.96 [main] DEBUG com.imooc.o2o.dao.ShopDao.insertShop-==> Parameters: 1(Long), 1(Integer), 1(Long), 测试的店铺3(String), test3(String), test3(String), test3(String), null, null, 2018-08-30 23:39:58.004(Timestamp), 2018-08-30 23:39:58.004(Timestamp), 0(Integer), 审核中(String)
2018-08-30 23:39:58.168 [main] DEBUG com.imooc.o2o.dao.ShopDao.insertShop-<==    Updates: 1
2018-08-30 23:39:58.182 [main] DEBUG com.imooc.o2o.web.superadmin.AreaController-current relativeAddr is :52\2018083023395884723.jpg
2018-08-30 23:39:58.182 [main] DEBUG com.imooc.o2o.web.superadmin.AreaController-current complete addr is:E:\图片\52\2018083023395884723.jpg
2018-08-30 23:39:58.629 [main] DEBUG com.imooc.o2o.dao.ShopDao.updateShop-==>  Preparing: update tb_shop SET shop_name=?, shop_desc=?, shop_addr=?, phone=?, shop_img=?, last_edit_time=?, enable_status=?, advice=?, area_id=?, shop_category_id=? where shop_id=? 
2018-08-30 23:39:58.631 [main] DEBUG com.imooc.o2o.dao.ShopDao.updateShop-==> Parameters: 测试的店铺3(String), test3(String), test3(String), test3(String), 52\2018083023395884723.jpg(String), 2018-08-30 23:39:58.004(Timestamp), 0(Integer), 审核中(String), 1(Integer), 1(Long), 52(Long)
2018-08-30 23:39:58.632 [main] DEBUG com.imooc.o2o.dao.ShopDao.updateShop-<==    Updates: 1
2018-08-30 23:41:04.79 [main] DEBUG com.imooc.o2o.dao.ShopDao.insertShop-==>  Preparing: insert into tb_shop(owner_id,area_id,shop_category_id,shop_name,shop_desc,shop_addr, phone,shop_img,priority,create_time,last_edit_time,enable_status,advice) values (?,?,?,?,?,?, ?,?,?,?,?,?,?) 
2018-08-30 23:41:04.125 [main] DEBUG com.imooc.o2o.dao.ShopDao.insertShop-==> Parameters: 1(Long), 1(Integer), 1(Long), 测试的店铺3(String), test3(String), test3(String), test3(String), null, null, 2018-08-30 23:41:04.039(Timestamp), 2018-08-30 23:41:04.039(Timestamp), 0(Integer), 审核中(String)
2018-08-30 23:41:04.192 [main] DEBUG com.imooc.o2o.dao.ShopDao.insertShop-<==    Updates: 1
2018-08-30 23:41:04.206 [main] DEBUG com.imooc.o2o.web.superadmin.AreaController-current relativeAddr is :53\2018083023410493297.jpg
2018-08-30 23:41:04.207 [main] DEBUG com.imooc.o2o.web.superadmin.AreaController-current complete addr is:E:\图片\53\2018083023410493297.jpg
2018-08-30 23:41:04.617 [main] DEBUG com.imooc.o2o.dao.ShopDao.updateShop-==>  Preparing: update tb_shop SET shop_name=?, shop_desc=?, shop_addr=?, phone=?, shop_img=?, last_edit_time=?, enable_status=?, advice=?, area_id=?, shop_category_id=? where shop_id=? 
2018-08-30 23:41:04.619 [main] DEBUG com.imooc.o2o.dao.ShopDao.updateShop-==> Parameters: 测试的店铺3(String), test3(String), test3(String), test3(String), 53\2018083023410493297.jpg(String), 2018-08-30 23:41:04.039(Timestamp), 0(Integer), 审核中(String), 1(Integer), 1(Long), 53(Long)
2018-08-30 23:41:04.634 [main] DEBUG com.imooc.o2o.dao.ShopDao.updateShop-<==    Updates: 1
2018-08-31 21:11:28.437 [main] DEBUG com.imooc.o2o.dao.ShopDao.queryShopByShopId-==>  Preparing: select s.shop_id, s.shop_name, s.shop_desc, s.shop_addr, s.phone, s.shop_img, s.priority, s.create_time, s.last_edit_time, s.enable_status, s.advice, s.area_id, a.area_id, a.area_name, sc.shop_category_id, sc.shop_category_name from tb_shop s, tb_area a, tb_shop_category sc where s.area_id = a.area_id and s.shop_category_id = sc.shop_category_id and s.shop_id = ? 
2018-08-31 21:11:28.521 [main] DEBUG com.imooc.o2o.dao.ShopDao.queryShopByShopId-==> Parameters: 1(Long)
2018-08-31 21:11:28.542 [main] DEBUG com.imooc.o2o.dao.ShopDao.queryShopByShopId-<==      Total: 0
2018-08-31 21:16:39.581 [main] DEBUG com.imooc.o2o.dao.ShopDao.queryByShopId-==>  Preparing: select s.shop_id, s.shop_name, s.shop_desc, s.shop_addr, s.phone, s.shop_img, s.priority, s.create_time, s.last_edit_time, s.enable_status, s.advice, a.area_id, a.area_name, sc.shop_category_id, sc.shop_category_name from tb_shop s, tb_area a, tb_shop_category sc where s.area_id = a.area_id and s.shop_category_id = sc.shop_category_id and s.shop_id = ? 
2018-08-31 21:16:39.627 [main] DEBUG com.imooc.o2o.dao.ShopDao.queryByShopId-==> Parameters: 1(Long)
2018-08-31 21:16:39.705 [main] DEBUG com.imooc.o2o.dao.ShopDao.queryByShopId-<==      Total: 0
2018-08-31 21:17:35.346 [main] DEBUG com.imooc.o2o.dao.ShopDao.queryByShopId-==>  Preparing: select s.shop_id, s.shop_name, s.shop_desc, s.shop_addr, s.phone, s.shop_img, s.priority, s.create_time, s.last_edit_time, s.enable_status, s.advice, a.area_id, a.area_name, sc.shop_category_id, sc.shop_category_name from tb_shop s, tb_area a, tb_shop_category sc where s.area_id = a.area_id and s.shop_category_id = sc.shop_category_id and s.shop_id = ? 
2018-08-31 21:17:35.414 [main] DEBUG com.imooc.o2o.dao.ShopDao.queryByShopId-==> Parameters: 1(Long)
2018-08-31 21:17:35.499 [main] DEBUG com.imooc.o2o.dao.ShopDao.queryByShopId-<==      Total: 0
2018-08-31 21:18:54.861 [main] DEBUG com.imooc.o2o.dao.ShopDao.queryByShopId-==>  Preparing: select s.shop_id, s.shop_name, s.shop_desc, s.shop_addr, s.phone, s.shop_img, s.priority, s.create_time, s.last_edit_time, s.enable_status, s.advice, a.area_id, a.area_name, sc.shop_category_id, sc.shop_category_name from tb_shop s, tb_area a, tb_shop_category sc where s.area_id = a.area_id and s.shop_category_id = sc.shop_category_id and s.shop_id = ? 
2018-08-31 21:18:54.915 [main] DEBUG com.imooc.o2o.dao.ShopDao.queryByShopId-==> Parameters: 13(Long)
2018-08-31 21:18:54.944 [main] DEBUG com.imooc.o2o.dao.ShopDao.queryByShopId-<==      Total: 1
2018-08-31 21:50:55.193 [main] DEBUG com.imooc.o2o.dao.ShopDao.queryByShopId-==>  Preparing: select s.shop_id, s.shop_name, s.shop_desc, s.shop_addr, s.phone, s.shop_img, s.priority, s.create_time, s.last_edit_time, s.enable_status, s.advice, a.area_id, a.area_name, sc.shop_category_id, sc.shop_category_name from tb_shop s, tb_area a, tb_shop_category sc where s.area_id = a.area_id and s.shop_category_id = sc.shop_category_id and s.shop_id = ? 
2018-08-31 21:50:55.253 [main] DEBUG com.imooc.o2o.dao.ShopDao.queryByShopId-==> Parameters: 55(Long)
2018-08-31 21:50:55.289 [main] DEBUG com.imooc.o2o.dao.ShopDao.queryByShopId-<==      Total: 1
2018-08-31 21:50:55.304 [main] DEBUG com.imooc.o2o.web.superadmin.AreaController-current relativeAddr is :55\2018083121505584383.jpg
2018-08-31 21:50:55.305 [main] DEBUG com.imooc.o2o.web.superadmin.AreaController-current complete addr is:E:\图片\55\2018083121505584383.jpg
2018-08-31 21:50:56.22 [main] DEBUG com.imooc.o2o.dao.ShopDao.updateShop-==>  Preparing: update tb_shop SET shop_name=?, shop_img=?, last_edit_time=? where shop_id=? 
2018-08-31 21:50:56.24 [main] DEBUG com.imooc.o2o.dao.ShopDao.updateShop-==> Parameters: 修改后的店铺名称(String), 55\2018083121505584383.jpg(String), 2018-08-31 21:50:55.99(Timestamp), 55(Long)
2018-08-31 21:50:56.128 [main] DEBUG com.imooc.o2o.dao.ShopDao.updateShop-<==    Updates: 1
2018-08-31 21:50:56.128 [main] DEBUG com.imooc.o2o.dao.ShopDao.queryByShopId-==>  Preparing: select s.shop_id, s.shop_name, s.shop_desc, s.shop_addr, s.phone, s.shop_img, s.priority, s.create_time, s.last_edit_time, s.enable_status, s.advice, a.area_id, a.area_name, sc.shop_category_id, sc.shop_category_name from tb_shop s, tb_area a, tb_shop_category sc where s.area_id = a.area_id and s.shop_category_id = sc.shop_category_id and s.shop_id = ? 
2018-08-31 21:50:56.129 [main] DEBUG com.imooc.o2o.dao.ShopDao.queryByShopId-==> Parameters: 55(Long)
2018-08-31 21:50:56.132 [main] DEBUG com.imooc.o2o.dao.ShopDao.queryByShopId-<==      Total: 1
2018-09-02 22:05:52.340 [main] DEBUG com.imooc.o2o.dao.ShopDao.queryShopList-==>  Preparing: select s.shop_id, s.shop_name, s.shop_desc, s.shop_addr, s.phone, s.shop_img, s.priority, s.create_time, s.last_edit_time, s.enable_status, s.advice, a.area_id, a.area_name, sc.shop_category_id, sc.shop_category_name from tb_shop s, tb_area a, tb_shop_category sc WHERE s.owner_id=? and s.area_id=a.area_id and s.shop_category_id=sc.shop_category_id order by s.priority desc limit ?,?; 
2018-09-02 22:05:52.453 [main] DEBUG com.imooc.o2o.dao.ShopDao.queryShopList-==> Parameters: 1(Long), 0(Integer), 3(Integer)
2018-09-02 22:05:52.485 [main] DEBUG com.imooc.o2o.dao.ShopDao.queryShopList-<==      Total: 3
2018-09-02 22:07:27.446 [main] DEBUG com.imooc.o2o.dao.ShopDao.queryShopList-==>  Preparing: select s.shop_id, s.shop_name, s.shop_desc, s.shop_addr, s.phone, s.shop_img, s.priority, s.create_time, s.last_edit_time, s.enable_status, s.advice, a.area_id, a.area_name, sc.shop_category_id, sc.shop_category_name from tb_shop s, tb_area a, tb_shop_category sc WHERE s.owner_id=? and s.area_id=a.area_id and s.shop_category_id=sc.shop_category_id order by s.priority desc limit ?,?; 
2018-09-02 22:07:27.496 [main] DEBUG com.imooc.o2o.dao.ShopDao.queryShopList-==> Parameters: 1(Long), 0(Integer), 3(Integer)
2018-09-02 22:07:27.538 [main] DEBUG com.imooc.o2o.dao.ShopDao.queryShopList-<==      Total: 3
2018-09-02 22:07:27.547 [main] DEBUG com.imooc.o2o.dao.ShopDao.queryShopCount-==>  Preparing: select count(1) from tb_shop s, tb_area a, tb_shop_category sc WHERE s.owner_id=? and s.area_id=a.area_id and s.shop_category_id=sc.shop_category_id 
2018-09-02 22:07:27.548 [main] DEBUG com.imooc.o2o.dao.ShopDao.queryShopCount-==> Parameters: 1(Long)
2018-09-02 22:07:27.550 [main] DEBUG com.imooc.o2o.dao.ShopDao.queryShopCount-<==      Total: 1
2018-09-02 22:10:12.187 [main] DEBUG com.imooc.o2o.dao.ShopDao.queryShopList-==>  Preparing: select s.shop_id, s.shop_name, s.shop_desc, s.shop_addr, s.phone, s.shop_img, s.priority, s.create_time, s.last_edit_time, s.enable_status, s.advice, a.area_id, a.area_name, sc.shop_category_id, sc.shop_category_name from tb_shop s, tb_area a, tb_shop_category sc WHERE s.owner_id=? and s.area_id=a.area_id and s.shop_category_id=sc.shop_category_id order by s.priority desc limit ?,?; 
2018-09-02 22:10:12.314 [main] DEBUG com.imooc.o2o.dao.ShopDao.queryShopList-==> Parameters: 1(Long), 0(Integer), 3(Integer)
2018-09-02 22:10:12.355 [main] DEBUG com.imooc.o2o.dao.ShopDao.queryShopList-<==      Total: 3
2018-09-02 22:10:12.365 [main] DEBUG com.imooc.o2o.dao.ShopDao.queryShopCount-==>  Preparing: select count(1) from tb_shop s, tb_area a, tb_shop_category sc WHERE s.owner_id=? and s.area_id=a.area_id and s.shop_category_id=sc.shop_category_id 
2018-09-02 22:10:12.366 [main] DEBUG com.imooc.o2o.dao.ShopDao.queryShopCount-==> Parameters: 1(Long)
2018-09-02 22:10:12.367 [main] DEBUG com.imooc.o2o.dao.ShopDao.queryShopCount-<==      Total: 1
2018-09-02 22:10:12.369 [main] DEBUG com.imooc.o2o.dao.ShopDao.queryShopList-==>  Preparing: select s.shop_id, s.shop_name, s.shop_desc, s.shop_addr, s.phone, s.shop_img, s.priority, s.create_time, s.last_edit_time, s.enable_status, s.advice, a.area_id, a.area_name, sc.shop_category_id, sc.shop_category_name from tb_shop s, tb_area a, tb_shop_category sc WHERE s.owner_id=? and s.area_id=a.area_id and s.shop_category_id=sc.shop_category_id order by s.priority desc limit ?,?; 
2018-09-02 22:10:12.370 [main] DEBUG com.imooc.o2o.dao.ShopDao.queryShopList-==> Parameters: 1(Long), 0(Integer), 2(Integer)
2018-09-02 22:10:12.375 [main] DEBUG com.imooc.o2o.dao.ShopDao.queryShopList-<==      Total: 2
2018-09-02 22:10:12.376 [main] DEBUG com.imooc.o2o.dao.ShopDao.queryShopCount-==>  Preparing: select count(1) from tb_shop s, tb_area a, tb_shop_category sc WHERE s.owner_id=? and s.area_id=a.area_id and s.shop_category_id=sc.shop_category_id 
2018-09-02 22:10:12.377 [main] DEBUG com.imooc.o2o.dao.ShopDao.queryShopCount-==> Parameters: 1(Long)
2018-09-02 22:10:12.378 [main] DEBUG com.imooc.o2o.dao.ShopDao.queryShopCount-<==      Total: 1
2018-09-02 22:10:44.205 [main] DEBUG com.imooc.o2o.dao.ShopDao.queryShopList-==>  Preparing: select s.shop_id, s.shop_name, s.shop_desc, s.shop_addr, s.phone, s.shop_img, s.priority, s.create_time, s.last_edit_time, s.enable_status, s.advice, a.area_id, a.area_name, sc.shop_category_id, sc.shop_category_name from tb_shop s, tb_area a, tb_shop_category sc WHERE s.owner_id=? and s.area_id=a.area_id and s.shop_category_id=sc.shop_category_id order by s.priority desc limit ?,?; 
2018-09-02 22:10:44.259 [main] DEBUG com.imooc.o2o.dao.ShopDao.queryShopList-==> Parameters: 1(Long), 0(Integer), 3(Integer)
2018-09-02 22:10:44.301 [main] DEBUG com.imooc.o2o.dao.ShopDao.queryShopList-<==      Total: 3
2018-09-02 22:10:44.311 [main] DEBUG com.imooc.o2o.dao.ShopDao.queryShopCount-==>  Preparing: select count(1) from tb_shop s, tb_area a, tb_shop_category sc WHERE s.owner_id=? and s.area_id=a.area_id and s.shop_category_id=sc.shop_category_id 
2018-09-02 22:10:44.312 [main] DEBUG com.imooc.o2o.dao.ShopDao.queryShopCount-==> Parameters: 1(Long)
2018-09-02 22:10:44.314 [main] DEBUG com.imooc.o2o.dao.ShopDao.queryShopCount-<==      Total: 1
2018-09-02 22:10:44.316 [main] DEBUG com.imooc.o2o.dao.ShopDao.queryShopList-==>  Preparing: select s.shop_id, s.shop_name, s.shop_desc, s.shop_addr, s.phone, s.shop_img, s.priority, s.create_time, s.last_edit_time, s.enable_status, s.advice, a.area_id, a.area_name, sc.shop_category_id, sc.shop_category_name from tb_shop s, tb_area a, tb_shop_category sc WHERE s.shop_category_id = ? and s.owner_id=? and s.area_id=a.area_id and s.shop_category_id=sc.shop_category_id order by s.priority desc limit ?,?; 
2018-09-02 22:10:44.316 [main] DEBUG com.imooc.o2o.dao.ShopDao.queryShopList-==> Parameters: 1(Long), 1(Long), 0(Integer), 2(Integer)
2018-09-02 22:10:44.324 [main] DEBUG com.imooc.o2o.dao.ShopDao.queryShopList-<==      Total: 2
2018-09-02 22:10:44.325 [main] DEBUG com.imooc.o2o.dao.ShopDao.queryShopCount-==>  Preparing: select count(1) from tb_shop s, tb_area a, tb_shop_category sc WHERE s.shop_category_id = ? and s.owner_id=? and s.area_id=a.area_id and s.shop_category_id=sc.shop_category_id 
2018-09-02 22:10:44.326 [main] DEBUG com.imooc.o2o.dao.ShopDao.queryShopCount-==> Parameters: 1(Long), 1(Long)
2018-09-02 22:10:44.328 [main] DEBUG com.imooc.o2o.dao.ShopDao.queryShopCount-<==      Total: 1
2018-09-02 22:33:09.796 [main] DEBUG com.imooc.o2o.dao.ShopDao.queryShopList-==>  Preparing: select s.shop_id, s.shop_name, s.shop_desc, s.shop_addr, s.phone, s.shop_img, s.priority, s.create_time, s.last_edit_time, s.enable_status, s.advice, a.area_id, a.area_name, sc.shop_category_id, sc.shop_category_name from tb_shop s, tb_area a, tb_shop_category sc WHERE s.shop_category_id = ? and s.area_id=a.area_id and s.shop_category_id=sc.shop_category_id order by s.priority desc limit ?,?; 
2018-09-02 22:33:09.854 [main] DEBUG com.imooc.o2o.dao.ShopDao.queryShopList-==> Parameters: 1(Long), 2(Integer), 2(Integer)
2018-09-02 22:33:09.906 [main] DEBUG com.imooc.o2o.dao.ShopDao.queryShopList-<==      Total: 1
2018-09-02 22:33:09.918 [main] DEBUG com.imooc.o2o.dao.ShopDao.queryShopCount-==>  Preparing: select count(1) from tb_shop s, tb_area a, tb_shop_category sc WHERE s.shop_category_id = ? and s.area_id=a.area_id and s.shop_category_id=sc.shop_category_id 
2018-09-02 22:33:09.919 [main] DEBUG com.imooc.o2o.dao.ShopDao.queryShopCount-==> Parameters: 1(Long)
2018-09-02 22:33:09.922 [main] DEBUG com.imooc.o2o.dao.ShopDao.queryShopCount-<==      Total: 1
2018-09-02 22:33:45.403 [main] DEBUG com.imooc.o2o.dao.ShopDao.queryShopList-==>  Preparing: select s.shop_id, s.shop_name, s.shop_desc, s.shop_addr, s.phone, s.shop_img, s.priority, s.create_time, s.last_edit_time, s.enable_status, s.advice, a.area_id, a.area_name, sc.shop_category_id, sc.shop_category_name from tb_shop s, tb_area a, tb_shop_category sc WHERE s.shop_category_id = ? and s.area_id=a.area_id and s.shop_category_id=sc.shop_category_id order by s.priority desc limit ?,?; 
2018-09-02 22:33:45.450 [main] DEBUG com.imooc.o2o.dao.ShopDao.queryShopList-==> Parameters: 1(Long), 2(Integer), 2(Integer)
2018-09-02 22:33:45.481 [main] DEBUG com.imooc.o2o.dao.ShopDao.queryShopList-<==      Total: 1
2018-09-02 22:33:45.489 [main] DEBUG com.imooc.o2o.dao.ShopDao.queryShopCount-==>  Preparing: select count(1) from tb_shop s, tb_area a, tb_shop_category sc WHERE s.shop_category_id = ? and s.area_id=a.area_id and s.shop_category_id=sc.shop_category_id 
2018-09-02 22:33:45.489 [main] DEBUG com.imooc.o2o.dao.ShopDao.queryShopCount-==> Parameters: 1(Long)
2018-09-02 22:33:45.491 [main] DEBUG com.imooc.o2o.dao.ShopDao.queryShopCount-<==      Total: 1
2018-09-02 22:34:14.377 [main] DEBUG com.imooc.o2o.dao.ShopDao.queryShopList-==>  Preparing: select s.shop_id, s.shop_name, s.shop_desc, s.shop_addr, s.phone, s.shop_img, s.priority, s.create_time, s.last_edit_time, s.enable_status, s.advice, a.area_id, a.area_name, sc.shop_category_id, sc.shop_category_name from tb_shop s, tb_area a, tb_shop_category sc WHERE s.shop_category_id = ? and s.area_id=a.area_id and s.shop_category_id=sc.shop_category_id order by s.priority desc limit ?,?; 
2018-09-02 22:34:14.431 [main] DEBUG com.imooc.o2o.dao.ShopDao.queryShopList-==> Parameters: 1(Long), 0(Integer), 2(Integer)
2018-09-02 22:34:14.463 [main] DEBUG com.imooc.o2o.dao.ShopDao.queryShopList-<==      Total: 2
2018-09-02 22:34:14.471 [main] DEBUG com.imooc.o2o.dao.ShopDao.queryShopCount-==>  Preparing: select count(1) from tb_shop s, tb_area a, tb_shop_category sc WHERE s.shop_category_id = ? and s.area_id=a.area_id and s.shop_category_id=sc.shop_category_id 
2018-09-02 22:34:14.472 [main] DEBUG com.imooc.o2o.dao.ShopDao.queryShopCount-==> Parameters: 1(Long)
2018-09-02 22:34:14.473 [main] DEBUG com.imooc.o2o.dao.ShopDao.queryShopCount-<==      Total: 1
2018-09-03 22:35:36.637 [main] DEBUG c.i.o.d.P.queryProductCategoryList-==>  Preparing: select * from tb_product_category where shop-id = ? 
2018-09-03 22:35:36.717 [main] DEBUG c.i.o.d.P.queryProductCategoryList-==> Parameters: 1(Long)
2018-09-03 22:36:52.31 [main] DEBUG c.i.o.d.P.queryProductCategoryList-==>  Preparing: select * from tb_product_category where shop_id = ? 
2018-09-03 22:36:52.63 [main] DEBUG c.i.o.d.P.queryProductCategoryList-==> Parameters: 1(Long)
2018-09-03 22:36:52.87 [main] DEBUG c.i.o.d.P.queryProductCategoryList-<==      Total: 0
2018-09-03 22:38:30.81 [main] DEBUG c.i.o.d.P.queryProductCategoryList-==>  Preparing: select * from tb_product_category where shop_id = ? 
2018-09-03 22:38:30.139 [main] DEBUG c.i.o.d.P.queryProductCategoryList-==> Parameters: 1(Long)
2018-09-03 22:38:30.163 [main] DEBUG c.i.o.d.P.queryProductCategoryList-<==      Total: 0
2018-09-03 22:38:52.42 [main] DEBUG c.i.o.d.P.queryProductCategoryList-==>  Preparing: select * from tb_product_category where shop_id = ? 
2018-09-03 22:38:52.101 [main] DEBUG c.i.o.d.P.queryProductCategoryList-==> Parameters: 13(Long)
2018-09-03 22:38:52.131 [main] DEBUG c.i.o.d.P.queryProductCategoryList-<==      Total: 2
2018-09-06 22:16:01.607 [main] DEBUG c.i.o.d.P.batchInsertProductCategory-==>  Preparing: insert into tb_product_category(product_category_name,priority,create_time,sho_id) ( ?, ?, ?, ? ) , ( ?, ?, ?, ? ) 
2018-09-06 22:16:01.674 [main] DEBUG c.i.o.d.P.batchInsertProductCategory-==> Parameters: 商品类别1(String), 1(Integer), 2018-09-06 22:16:00.953(Timestamp), 13(Long), 商品类别2(String), 2(Integer), 2018-09-06 22:16:00.953(Timestamp), 13(Long)
2018-09-06 22:16:01.835 [main] DEBUG c.i.o.d.P.queryProductCategoryList-==>  Preparing: select * from tb_product_category where shop_id = ? order by priority desc 
2018-09-06 22:16:01.836 [main] DEBUG c.i.o.d.P.queryProductCategoryList-==> Parameters: 13(Long)
2018-09-06 22:16:01.857 [main] DEBUG c.i.o.d.P.queryProductCategoryList-<==      Total: 2
2018-09-06 22:16:43.883 [main] DEBUG c.i.o.d.P.batchInsertProductCategory-==>  Preparing: insert into tb_product_category(product_category_name,priority,create_time,sho_id) ( ?, ?, ?, ? ) , ( ?, ?, ?, ? ) 
2018-09-06 22:16:43.955 [main] DEBUG c.i.o.d.P.batchInsertProductCategory-==> Parameters: 商品类别1(String), 1(Integer), 2018-09-06 22:16:43.294(Timestamp), 13(Long), 商品类别2(String), 2(Integer), 2018-09-06 22:16:43.294(Timestamp), 13(Long)
2018-09-06 22:20:45.622 [main] DEBUG c.i.o.d.P.batchInsertProductCategory-==>  Preparing: insert into tb_product_category(product_category_name,priority,create_time,sho_id) values ( ?, ?, ?, ? ) , ( ?, ?, ?, ? ) 
2018-09-06 22:20:45.821 [main] DEBUG c.i.o.d.P.batchInsertProductCategory-==> Parameters: 商品类别1(String), 1(Integer), 2018-09-06 22:20:44.353(Timestamp), 13(Long), 商品类别2(String), 2(Integer), 2018-09-06 22:20:44.353(Timestamp), 13(Long)
2018-09-06 22:23:48.989 [main] DEBUG c.i.o.d.P.batchInsertProductCategory-==>  Preparing: insert into tb_product_category(product_category_name,priority,create_time,shop_id) values ( ?, ?, ?, ? ) , ( ?, ?, ?, ? ) 
2018-09-06 22:23:49.70 [main] DEBUG c.i.o.d.P.batchInsertProductCategory-==> Parameters: 商品类别1(String), 1(Integer), 2018-09-06 22:23:48.241(Timestamp), 13(Long), 商品类别2(String), 2(Integer), 2018-09-06 22:23:48.241(Timestamp), 13(Long)
2018-09-06 22:24:50.978 [main] DEBUG c.i.o.d.P.batchInsertProductCategory-==>  Preparing: insert into tb_product_category(product_category_name,priority,create_time,shop_id) values ( ?, ?, ?, ? ) , ( ?, ?, ?, ? ) 
2018-09-06 22:24:51.60 [main] DEBUG c.i.o.d.P.batchInsertProductCategory-==> Parameters: 商品类别1(String), 1(Integer), 2018-09-06 22:24:50.153(Timestamp), 13(Long), 商品类别2(String), 2(Integer), 2018-09-06 22:24:50.153(Timestamp), 13(Long)
2018-09-06 22:24:51.213 [main] DEBUG c.i.o.d.P.batchInsertProductCategory-<==    Updates: 2
2018-09-07 10:17:09.585 [main] DEBUG c.i.o.dao.ProductCategoryDao.deleteProductCategory-==>  Preparing: delete from tb_product_category where product_category_id = ? 
2018-09-07 10:17:09.639 [main] DEBUG c.i.o.dao.ProductCategoryDao.deleteProductCategory-==> Parameters: 7(Long)
2018-09-07 10:17:09.714 [main] DEBUG c.i.o.dao.ProductCategoryDao.deleteProductCategory-<==    Updates: 1
2018-09-07 14:26:21.184 [main] DEBUG c.i.o.dao.ProductCategoryDao.deleteProductCategory-==>  Preparing: delete from tb_product_category where product_category_id = ? and shop_id = ? 
2018-09-08 14:44:27.892 [main] DEBUG c.i.o2o.dao.ProductImgDao.batchInsertProductImg-==>  Preparing: insert into tb_product_img(img_addr,img_desc,priority, create_time,product_id) values ( ?, ?, ?, ?, ? ) , ( ?, ?, ?, ?, ? ) 
2018-09-08 14:44:27.973 [main] DEBUG c.i.o2o.dao.ProductImgDao.batchInsertProductImg-==> Parameters: 图片1(String), 测试图片1(String), 1(Integer), 2018-09-08 14:44:27.176(Timestamp), 1(Long), 图片2(String), 测试图片2(String), 1(Integer), 2018-09-08 14:44:27.176(Timestamp), 1(Long)
2018-09-08 14:45:42.197 [main] DEBUG c.i.o2o.dao.ProductImgDao.batchInsertProductImg-==>  Preparing: insert into tb_product_img(img_addr,img_desc,priority, create_time,product_id) values ( ?, ?, ?, ?, ? ) , ( ?, ?, ?, ?, ? ) 
2018-09-08 14:45:42.250 [main] DEBUG c.i.o2o.dao.ProductImgDao.batchInsertProductImg-==> Parameters: 图片1(String), 测试图片1(String), 1(Integer), 2018-09-08 14:45:41.621(Timestamp), 1(Long), 图片2(String), 测试图片2(String), 1(Integer), 2018-09-08 14:45:41.621(Timestamp), 1(Long)
2018-09-08 14:45:42.318 [main] DEBUG c.i.o2o.dao.ProductImgDao.batchInsertProductImg-<==    Updates: 2
2018-09-08 15:20:46.128 [main] DEBUG com.imooc.o2o.dao.ProductDao.insertProduct-==>  Preparing: insert into tb_product(product_name,product_desc,img_addr, normal_price,promotion_price,priority,create_time, last_edit_time,enable_status,product_category_id, shop_id) values (?,?,?,?, ?,?,?,?, ?,?,? ) 
2018-09-08 15:21:33.78 [main] DEBUG com.imooc.o2o.dao.ProductDao.insertProduct-==>  Preparing: insert into tb_product(product_name,product_desc,img_addr, normal_price,promotion_price,priority,create_time, last_edit_time,enable_status,product_category_id, shop_id) values (?,?,?,?, ?,?,?,?, ?,?,? ) 
2018-09-08 15:24:09.315 [main] DEBUG com.imooc.o2o.dao.ProductDao.insertProduct-==>  Preparing: insert into tb_product(product_name,product_desc,img_addr, normal_price,promotion_price,priority,create_time, last_edit_time,enable_status,product_category_id, shop_id) values (?,?,?,?, ?,?,?,?, ?,?,? ) 
2018-09-08 15:26:23.235 [main] DEBUG com.imooc.o2o.dao.ProductDao.insertProduct-==>  Preparing: insert into tb_product(product_name,product_desc,img_addr, normal_price,promotion_price,priority,create_time, last_edit_time,enable_status,product_category_id, shop_id) values (?,?,?,?, ?,?,?,?, ?,?,? ) 
2018-09-08 15:26:23.296 [main] DEBUG com.imooc.o2o.dao.ProductDao.insertProduct-==> Parameters: 测试1(String), 测试desc(String), test1(String), null, null, 1(Integer), 2018-09-08 15:26:22.66(Timestamp), 2018-09-08 15:26:22.66(Timestamp), 1(Integer), 13(Long), 13(Long)
2018-09-08 15:26:23.341 [main] DEBUG com.imooc.o2o.dao.ProductDao.insertProduct-<==    Updates: 1
2018-09-10 22:26:59.479 [main] DEBUG com.imooc.o2o.dao.ProductDao.insertProduct-==>  Preparing: insert into tb_product(product_name,product_desc,img_addr, normal_price,promotion_price,priority,create_time, last_edit_time,enable_status,product_category_id, shop_id) values (?,?,?,?, ?,?,?,?, ?,?,? ) 
2018-09-10 22:26:59.550 [main] DEBUG com.imooc.o2o.dao.ProductDao.insertProduct-==> Parameters: 测试2(String), 测试desc2(String), test2(String), null, null, 2(Integer), 2018-09-10 22:26:58.76(Timestamp), 2018-09-10 22:26:58.76(Timestamp), 1(Integer), 13(Long), 13(Long)
2018-09-10 22:26:59.613 [main] DEBUG com.imooc.o2o.dao.ProductDao.insertProduct-<==    Updates: 1
2018-09-10 23:03:47.30 [main] DEBUG com.imooc.o2o.web.superadmin.AreaController-current relativeAddr is :13\2018091023034775602.jpg
2018-09-10 23:03:47.32 [main] DEBUG com.imooc.o2o.web.superadmin.AreaController-current complete addr is:E:\图片\13\2018091023034775602.jpg
2018-09-10 23:03:47.385 [main] DEBUG com.imooc.o2o.dao.ProductDao.insertProduct-==>  Preparing: insert into tb_product(product_name,product_desc,img_addr, normal_price,promotion_price,priority,create_time, last_edit_time,enable_status,product_category_id, shop_id) values (?,?,?,?, ?,?,?,?, ?,?,? ) 
2018-09-10 23:03:47.435 [main] DEBUG com.imooc.o2o.dao.ProductDao.insertProduct-==> Parameters: 测试商品1(String), 测试商品1(String), 13\2018091023034775602.jpg(String), null, null, 20(Integer), 2018-09-10 23:03:47.015(Timestamp), 2018-09-10 23:03:47.015(Timestamp), 1(Integer), 11(Long), 13(Long)
2018-09-10 23:03:47.475 [main] DEBUG com.imooc.o2o.dao.ProductDao.insertProduct-<==    Updates: 1
2018-09-10 23:03:47.483 [main] DEBUG com.imooc.o2o.web.superadmin.AreaController-current relativeAddr is :13\2018091023034758522.jpg
2018-09-10 23:03:47.483 [main] DEBUG com.imooc.o2o.web.superadmin.AreaController-current complete addr is:E:\图片\13\2018091023034758522.jpg
2018-09-10 23:03:47.706 [main] DEBUG com.imooc.o2o.web.superadmin.AreaController-current relativeAddr is :13\2018091023034767710.jpg
2018-09-10 23:03:47.706 [main] DEBUG com.imooc.o2o.web.superadmin.AreaController-current complete addr is:E:\图片\13\2018091023034767710.jpg
2018-09-10 23:03:47.818 [main] DEBUG c.i.o2o.dao.ProductImgDao.batchInsertProductImg-==>  Preparing: insert into tb_product_img(img_addr,img_desc,priority, create_time,product_id) values ( ?, ?, ?, ?, ? ) , ( ?, ?, ?, ?, ? ) 
2018-09-10 23:03:47.826 [main] DEBUG c.i.o2o.dao.ProductImgDao.batchInsertProductImg-==> Parameters: 13\2018091023034758522.jpg(String), null, null, 2018-09-10 23:03:47.706(Timestamp), 4(Long), 13\2018091023034767710.jpg(String), null, null, 2018-09-10 23:03:47.788(Timestamp), 4(Long)
2018-09-10 23:05:14.157 [main] DEBUG com.imooc.o2o.web.superadmin.AreaController-current relativeAddr is :13\2018091023051129658.jpg
2018-09-10 23:05:18.264 [main] DEBUG com.imooc.o2o.web.superadmin.AreaController-current complete addr is:E:\图片\13\2018091023051129658.jpg
2018-09-10 23:05:18.697 [main] DEBUG com.imooc.o2o.dao.ProductDao.insertProduct-==>  Preparing: insert into tb_product(product_name,product_desc,img_addr, normal_price,promotion_price,priority,create_time, last_edit_time,enable_status,product_category_id, shop_id) values (?,?,?,?, ?,?,?,?, ?,?,? ) 
2018-09-10 23:05:18.757 [main] DEBUG com.imooc.o2o.dao.ProductDao.insertProduct-==> Parameters: 测试商品1(String), 测试商品1(String), 13\2018091023051129658.jpg(String), null, null, 20(Integer), 2018-09-10 23:05:10.974(Timestamp), 2018-09-10 23:05:10.974(Timestamp), 1(Integer), 11(Long), 13(Long)
2018-09-10 23:05:18.786 [main] DEBUG com.imooc.o2o.dao.ProductDao.insertProduct-<==    Updates: 1
2018-09-10 23:05:20.692 [main] DEBUG com.imooc.o2o.web.superadmin.AreaController-current relativeAddr is :13\2018091023051811665.jpg
2018-09-10 23:05:23.20 [main] DEBUG com.imooc.o2o.web.superadmin.AreaController-current complete addr is:E:\图片\13\2018091023051811665.jpg
2018-09-10 23:05:25.555 [main] DEBUG com.imooc.o2o.web.superadmin.AreaController-current relativeAddr is :13\2018091023052457848.jpg
2018-09-10 23:05:27.79 [main] DEBUG com.imooc.o2o.web.superadmin.AreaController-current complete addr is:E:\图片\13\2018091023052457848.jpg
2018-09-10 23:05:28.884 [main] DEBUG c.i.o2o.dao.ProductImgDao.batchInsertProductImg-==>  Preparing: insert into tb_product_img(img_addr,img_desc,priority, create_time,product_id) values ( ?, ?, ?, ?, ? ) , ( ?, ?, ?, ?, ? ) 
2018-09-10 23:05:30.630 [main] DEBUG c.i.o2o.dao.ProductImgDao.batchInsertProductImg-==> Parameters: 13\2018091023051811665.jpg(String), null, null, 2018-09-10 23:05:23.242(Timestamp), 5(Long), 13\2018091023052457848.jpg(String), null, null, 2018-09-10 23:05:27.41(Timestamp), 5(Long)
2018-09-10 23:06:29.722 [main] DEBUG com.imooc.o2o.web.superadmin.AreaController-current relativeAddr is :13\2018091023062952653.jpg
2018-09-10 23:06:29.730 [main] DEBUG com.imooc.o2o.web.superadmin.AreaController-current complete addr is:E:\图片\13\2018091023062952653.jpg
2018-09-10 23:06:30.05 [main] DEBUG com.imooc.o2o.dao.ProductDao.insertProduct-==>  Preparing: insert into tb_product(product_name,product_desc,img_addr, normal_price,promotion_price,priority,create_time, last_edit_time,enable_status,product_category_id, shop_id) values (?,?,?,?, ?,?,?,?, ?,?,? ) 
2018-09-10 23:06:30.57 [main] DEBUG com.imooc.o2o.dao.ProductDao.insertProduct-==> Parameters: 测试商品1(String), 测试商品1(String), 13\2018091023062952653.jpg(String), null, null, 20(Integer), 2018-09-10 23:06:29.708(Timestamp), 2018-09-10 23:06:29.708(Timestamp), 1(Integer), 11(Long), 13(Long)
2018-09-10 23:06:30.82 [main] DEBUG com.imooc.o2o.dao.ProductDao.insertProduct-<==    Updates: 1
2018-09-10 23:06:30.97 [main] DEBUG com.imooc.o2o.web.superadmin.AreaController-current relativeAddr is :13\2018091023063032874.jpg
2018-09-10 23:06:30.97 [main] DEBUG com.imooc.o2o.web.superadmin.AreaController-current complete addr is:E:\图片\13\2018091023063032874.jpg
2018-09-10 23:06:30.264 [main] DEBUG com.imooc.o2o.web.superadmin.AreaController-current relativeAddr is :13\2018091023063056239.jpg
2018-09-10 23:06:30.265 [main] DEBUG com.imooc.o2o.web.superadmin.AreaController-current complete addr is:E:\图片\13\2018091023063056239.jpg
2018-09-10 23:06:30.355 [main] DEBUG c.i.o2o.dao.ProductImgDao.batchInsertProductImg-==>  Preparing: insert into tb_product_img(img_addr,img_desc,priority, create_time,product_id) values ( ?, ?, ?, ?, ? ) , ( ?, ?, ?, ?, ? ) 
2018-09-10 23:06:30.357 [main] DEBUG c.i.o2o.dao.ProductImgDao.batchInsertProductImg-==> Parameters: 13\2018091023063032874.jpg(String), null, null, 2018-09-10 23:06:30.264(Timestamp), 6(Long), 13\2018091023063056239.jpg(String), null, null, 2018-09-10 23:06:30.328(Timestamp), 6(Long)
2018-09-10 23:10:13.783 [main] DEBUG com.imooc.o2o.web.superadmin.AreaController-current relativeAddr is :13\2018091023101379392.jpg
2018-09-10 23:10:13.786 [main] DEBUG com.imooc.o2o.web.superadmin.AreaController-current complete addr is:E:\图片\13\2018091023101379392.jpg
2018-09-10 23:10:14.66 [main] DEBUG com.imooc.o2o.dao.ProductDao.insertProduct-==>  Preparing: insert into tb_product(product_name,product_desc,img_addr, normal_price,promotion_price,priority,create_time, last_edit_time,enable_status,product_category_id, shop_id) values (?,?,?,?, ?,?,?,?, ?,?,? ) 
2018-09-10 23:10:14.114 [main] DEBUG com.imooc.o2o.dao.ProductDao.insertProduct-==> Parameters: 测试商品1(String), 测试商品1(String), 13\2018091023101379392.jpg(String), null, null, 20(Integer), 2018-09-10 23:10:13.775(Timestamp), 2018-09-10 23:10:13.775(Timestamp), 1(Integer), 11(Long), 13(Long)
2018-09-10 23:10:14.119 [main] DEBUG com.imooc.o2o.dao.ProductDao.insertProduct-<==    Updates: 1
2018-09-10 23:10:14.127 [main] DEBUG com.imooc.o2o.web.superadmin.AreaController-current relativeAddr is :13\2018091023101459840.jpg
2018-09-10 23:10:14.128 [main] DEBUG com.imooc.o2o.web.superadmin.AreaController-current complete addr is:E:\图片\13\2018091023101459840.jpg
2018-09-10 23:10:14.323 [main] DEBUG com.imooc.o2o.web.superadmin.AreaController-current relativeAddr is :13\2018091023101483390.jpg
2018-09-10 23:10:14.324 [main] DEBUG com.imooc.o2o.web.superadmin.AreaController-current complete addr is:E:\图片\13\2018091023101483390.jpg
2018-09-10 23:10:14.412 [main] DEBUG c.i.o2o.dao.ProductImgDao.batchInsertProductImg-==>  Preparing: insert into tb_product_img(img_addr,img_desc,priority, create_time,product_id) values ( ?, ?, ?, ?, ? ) , ( ?, ?, ?, ?, ? ) 
2018-09-10 23:10:14.417 [main] DEBUG c.i.o2o.dao.ProductImgDao.batchInsertProductImg-==> Parameters: 13\2018091023101459840.jpg(String), null, null, 2018-09-10 23:10:14.323(Timestamp), 7(Long), 13\2018091023101483390.jpg(String), null, null, 2018-09-10 23:10:14.383(Timestamp), 7(Long)
2018-09-10 23:13:10.855 [main] DEBUG com.imooc.o2o.web.superadmin.AreaController-current relativeAddr is :13\2018091023131089990.jpg
2018-09-10 23:13:10.857 [main] DEBUG com.imooc.o2o.web.superadmin.AreaController-current complete addr is:E:\图片\13\2018091023131089990.jpg
2018-09-10 23:13:11.128 [main] DEBUG com.imooc.o2o.dao.ProductDao.insertProduct-==>  Preparing: insert into tb_product(product_name,product_desc,img_addr, normal_price,promotion_price,priority,create_time, last_edit_time,enable_status,product_category_id, shop_id) values (?,?,?,?, ?,?,?,?, ?,?,? ) 
2018-09-10 23:13:11.174 [main] DEBUG com.imooc.o2o.dao.ProductDao.insertProduct-==> Parameters: 测试商品1(String), 测试商品1(String), 13\2018091023131089990.jpg(String), null, null, 20(Integer), 2018-09-10 23:13:10.848(Timestamp), 2018-09-10 23:13:10.848(Timestamp), 1(Integer), 11(Long), 13(Long)
2018-09-10 23:13:11.176 [main] DEBUG com.imooc.o2o.dao.ProductDao.insertProduct-<==    Updates: 1
2018-09-10 23:13:11.183 [main] DEBUG com.imooc.o2o.web.superadmin.AreaController-current relativeAddr is :13\2018091023131191960.jpg
2018-09-10 23:13:11.183 [main] DEBUG com.imooc.o2o.web.superadmin.AreaController-current complete addr is:E:\图片\13\2018091023131191960.jpg
2018-09-10 23:13:11.368 [main] DEBUG com.imooc.o2o.web.superadmin.AreaController-current relativeAddr is :13\2018091023131196811.jpg
2018-09-10 23:13:11.368 [main] DEBUG com.imooc.o2o.web.superadmin.AreaController-current complete addr is:E:\图片\13\2018091023131196811.jpg
2018-09-10 23:13:11.458 [main] DEBUG c.i.o2o.dao.ProductImgDao.batchInsertProductImg-==>  Preparing: insert into tb_product_img(img_addr,img_desc,priority, create_time,product_id) values ( ?, ?, ?, ?, ? ) , ( ?, ?, ?, ?, ? ) 
2018-09-10 23:13:11.460 [main] DEBUG c.i.o2o.dao.ProductImgDao.batchInsertProductImg-==> Parameters: 13\2018091023131191960.jpg(String), null, null, 2018-09-10 23:13:11.368(Timestamp), 8(Long), 13\2018091023131196811.jpg(String), null, null, 2018-09-10 23:13:11.431(Timestamp), 8(Long)
2018-09-10 23:13:11.467 [main] DEBUG c.i.o2o.dao.ProductImgDao.batchInsertProductImg-<==    Updates: 2
